2021-03-07 17:21:14
New connection from 127.0.0.1:58610 -- /media/llaron/7E96ADB696AD6F79/代码/webserver/WebServer/WebServer/Server.cpp:50
2021-03-07 17:21:14
New connection from 127.0.0.1:58612 -- /media/llaron/7E96ADB696AD6F79/代码/webserver/WebServer/WebServer/Server.cpp:50
2021-03-07 17:21:14
Request: GET /login HTTP/1.1
Host: 127.0.0.1:8020
Connection: keep-alive
Cache-Control: max-age=0
Upgrade-Insecure-Requests: 1
User-Agent: Mozilla/5.0 (X11; Linux x86_64) AppleWebKit/537.36 (KHTML, like Gecko) Chrome/87.0.4280.88 Safari/537.36
Accept: text/html,application/xhtml+xml,application/xml;q=0.9,image/avif,image/webp,image/apng,*/*;q=0.8,application/signed-exchange;v=b3;q=0.9
Sec-Fetch-Site: none
Sec-Fetch-Mode: navigate
Sec-Fetch-User: ?1
Sec-Fetch-Dest: document
Accept-Encoding: gzip, deflate, br
Accept-Language: zh-CN,zh;q=0.9

 -- /media/llaron/7E96ADB696AD6F79/代码/webserver/WebServer/WebServer/HttpData.cpp:277
2021-03-07 17:21:14
Request:  -- /media/llaron/7E96ADB696AD6F79/代码/webserver/WebServer/WebServer/HttpData.cpp:277
2021-03-07 17:21:14
Request: GET /favicon.ico HTTP/1.1
Host: 127.0.0.1:8020
Connection: keep-alive
Pragma: no-cache
Cache-Control: no-cache
User-Agent: Mozilla/5.0 (X11; Linux x86_64) AppleWebKit/537.36 (KHTML, like Gecko) Chrome/87.0.4280.88 Safari/537.36
Accept: image/avif,image/webp,image/apng,image/*,*/*;q=0.8
Sec-Fetch-Site: same-origin
Sec-Fetch-Mode: no-cors
Sec-Fetch-Dest: image
Referer: http://127.0.0.1:8020/login
Accept-Encoding: gzip, deflate, br
Accept-Language: zh-CN,zh;q=0.9

 -- /media/llaron/7E96ADB696AD6F79/代码/webserver/WebServer/WebServer/HttpData.cpp:277
2021-03-07 17:21:19
Request:  -- /media/llaron/7E96ADB696AD6F79/代码/webserver/WebServer/WebServer/HttpData.cpp:277
2021-03-07 17:26:27
New connection from 127.0.0.1:59418 -- /media/llaron/7E96ADB696AD6F79/代码/webserver/WebServer/WebServer/Server.cpp:50
2021-03-07 17:26:27
New connection from 127.0.0.1:59420 -- /media/llaron/7E96ADB696AD6F79/代码/webserver/WebServer/WebServer/Server.cpp:50
2021-03-07 17:26:29
Request:  -- /media/llaron/7E96ADB696AD6F79/代码/webserver/WebServer/WebServer/HttpData.cpp:277
2021-03-07 17:26:29
Request:  -- /media/llaron/7E96ADB696AD6F79/代码/webserver/WebServer/WebServer/HttpData.cpp:277
2021-03-07 17:31:45
New connection from 127.0.0.1:33998 -- /media/llaron/7E96ADB696AD6F79/代码/webserver/WebServer/WebServer/Server.cpp:50
2021-03-07 17:31:45
New connection from 127.0.0.1:34000 -- /media/llaron/7E96ADB696AD6F79/代码/webserver/WebServer/WebServer/Server.cpp:50
2021-03-07 17:31:45
Request: GET /login HTTP/1.1
Host: 127.0.0.1:8020
Connection: keep-alive
Pragma: no-cache
Cache-Control: no-cache
Upgrade-Insecure-Requests: 1
User-Agent: Mozilla/5.0 (X11; Linux x86_64) AppleWebKit/537.36 (KHTML, like Gecko) Chrome/87.0.4280.88 Safari/537.36
Accept: text/html,application/xhtml+xml,application/xml;q=0.9,image/avif,image/webp,image/apng,*/*;q=0.8,application/signed-exchange;v=b3;q=0.9
Sec-Fetch-Site: none
Sec-Fetch-Mode: navigate
Sec-Fetch-User: ?1
Sec-Fetch-Dest: document
Accept-Encoding: gzip, deflate, br
Accept-Language: zh-CN,zh;q=0.9

 -- /media/llaron/7E96ADB696AD6F79/代码/webserver/WebServer/WebServer/HttpData.cpp:277
2021-03-07 17:31:45
Request: GET /favicon.ico HTTP/1.1
Host: 127.0.0.1:8020
Connection: keep-alive
Pragma: no-cache
Cache-Control: no-cache
User-Agent: Mozilla/5.0 (X11; Linux x86_64) AppleWebKit/537.36 (KHTML, like Gecko) Chrome/87.0.4280.88 Safari/537.36
Accept: image/avif,image/webp,image/apng,image/*,*/*;q=0.8
Sec-Fetch-Site: same-origin
Sec-Fetch-Mode: no-cors
Sec-Fetch-Dest: image
Referer: http://127.0.0.1:8020/login
Accept-Encoding: gzip, deflate, br
Accept-Language: zh-CN,zh;q=0.9

 -- /media/llaron/7E96ADB696AD6F79/代码/webserver/WebServer/WebServer/HttpData.cpp:277
2021-03-07 17:31:49
Request:  -- /media/llaron/7E96ADB696AD6F79/代码/webserver/WebServer/WebServer/HttpData.cpp:277
2021-03-07 17:31:49
Request:  -- /media/llaron/7E96ADB696AD6F79/代码/webserver/WebServer/WebServer/HttpData.cpp:277
2021-03-07 17:34:37
New connection from 127.0.0.1:35644 -- /media/llaron/7E96ADB696AD6F79/代码/webserver/WebServer/WebServer/Server.cpp:50
2021-03-07 17:34:37
New connection from 127.0.0.1:35646 -- /media/llaron/7E96ADB696AD6F79/代码/webserver/WebServer/WebServer/Server.cpp:50
2021-03-07 17:34:37
Request: GET /login HTTP/1.1
Host: 127.0.0.1:8020
Connection: keep-alive
Pragma: no-cache
Cache-Control: no-cache
Upgrade-Insecure-Requests: 1
User-Agent: Mozilla/5.0 (X11; Linux x86_64) AppleWebKit/537.36 (KHTML, like Gecko) Chrome/87.0.4280.88 Safari/537.36
Accept: text/html,application/xhtml+xml,application/xml;q=0.9,image/avif,image/webp,image/apng,*/*;q=0.8,application/signed-exchange;v=b3;q=0.9
Sec-Fetch-Site: none
Sec-Fetch-Mode: navigate
Sec-Fetch-User: ?1
Sec-Fetch-Dest: document
Accept-Encoding: gzip, deflate, br
Accept-Language: zh-CN,zh;q=0.9

 -- /media/llaron/7E96ADB696AD6F79/代码/webserver/WebServer/WebServer/HttpData.cpp:277
2021-03-07 17:34:37
Request: GET /favicon.ico HTTP/1.1
Host: 127.0.0.1:8020
Connection: keep-alive
Pragma: no-cache
Cache-Control: no-cache
User-Agent: Mozilla/5.0 (X11; Linux x86_64) AppleWebKit/537.36 (KHTML, like Gecko) Chrome/87.0.4280.88 Safari/537.36
Accept: image/avif,image/webp,image/apng,image/*,*/*;q=0.8
Sec-Fetch-Site: same-origin
Sec-Fetch-Mode: no-cors
Sec-Fetch-Dest: image
Referer: http://127.0.0.1:8020/login
Accept-Encoding: gzip, deflate, br
Accept-Language: zh-CN,zh;q=0.9

 -- /media/llaron/7E96ADB696AD6F79/代码/webserver/WebServer/WebServer/HttpData.cpp:277
2021-03-07 17:34:39
Request:  -- /media/llaron/7E96ADB696AD6F79/代码/webserver/WebServer/WebServer/HttpData.cpp:277
2021-03-07 17:34:39
Request:  -- /media/llaron/7E96ADB696AD6F79/代码/webserver/WebServer/WebServer/HttpData.cpp:277
2021-03-07 17:35:40
New connection from 127.0.0.1:36224 -- /media/llaron/7E96ADB696AD6F79/代码/webserver/WebServer/WebServer/Server.cpp:50
2021-03-07 17:35:40
Request: GET /login HTTP/1.1
Host: 127.0.0.1:8020
User-Agent: Mozilla/5.0 (X11; Ubuntu; Linux x86_64; rv:84.0) Gecko/20100101 Firefox/84.0
Accept: text/html,application/xhtml+xml,application/xml;q=0.9,image/webp,*/*;q=0.8
Accept-Language: zh-CN,zh;q=0.8,zh-TW;q=0.7,zh-HK;q=0.5,en-US;q=0.3,en;q=0.2
Accept-Encoding: gzip, deflate
Connection: keep-alive
Upgrade-Insecure-Requests: 1

 -- /media/llaron/7E96ADB696AD6F79/代码/webserver/WebServer/WebServer/HttpData.cpp:277
2021-03-07 17:36:50
Request: POST /login HTTP/1.1
Host: 127.0.0.1:8020
User-Agent: Mozilla/5.0 (X11; Ubuntu; Linux x86_64; rv:84.0) Gecko/20100101 Firefox/84.0
Accept: text/html,application/xhtml+xml,application/xml;q=0.9,image/webp,*/*;q=0.8
Accept-Language: zh-CN,zh;q=0.8,zh-TW;q=0.7,zh-HK;q=0.5,en-US;q=0.3,en;q=0.2
Accept-Encoding: gzip, deflate
Content-Type: text/plain
Content-Length: 24
Origin: http://127.0.0.1:8020
Connection: keep-alive
Referer: http://127.0.0.1:8020/login
Upgrade-Insecure-Requests: 1

user=123
password=456
 -- /media/llaron/7E96ADB696AD6F79/代码/webserver/WebServer/WebServer/HttpData.cpp:277
2021-03-07 17:36:50
SELECT user_id FROM user where username='123'and passwd='456' -- /media/llaron/7E96ADB696AD6F79/代码/webserver/WebServer/WebServer/HttpData.cpp:656
2021-03-07 17:38:45
Request:  -- /media/llaron/7E96ADB696AD6F79/代码/webserver/WebServer/WebServer/HttpData.cpp:277
2021-03-07 17:40:48
New connection from 127.0.0.1:39056 -- /media/llaron/7E96ADB696AD6F79/代码/webserver/WebServer/WebServer/Server.cpp:50
2021-03-07 17:40:48
New connection from 127.0.0.1:39058 -- /media/llaron/7E96ADB696AD6F79/代码/webserver/WebServer/WebServer/Server.cpp:50
2021-03-07 17:40:48
Request: GET /login HTTP/1.1
Host: 127.0.0.1:8020
Connection: keep-alive
Pragma: no-cache
Cache-Control: no-cache
Upgrade-Insecure-Requests: 1
User-Agent: Mozilla/5.0 (X11; Linux x86_64) AppleWebKit/537.36 (KHTML, like Gecko) Chrome/87.0.4280.88 Safari/537.36
Accept: text/html,application/xhtml+xml,application/xml;q=0.9,image/avif,image/webp,image/apng,*/*;q=0.8,application/signed-exchange;v=b3;q=0.9
Sec-Fetch-Site: none
Sec-Fetch-Mode: navigate
Sec-Fetch-User: ?1
Sec-Fetch-Dest: document
Accept-Encoding: gzip, deflate, br
Accept-Language: zh-CN,zh;q=0.9

 -- /media/llaron/7E96ADB696AD6F79/代码/webserver/WebServer/WebServer/HttpData.cpp:278
2021-03-07 17:40:48
Request: GET /favicon.ico HTTP/1.1
Host: 127.0.0.1:8020
Connection: keep-alive
Pragma: no-cache
Cache-Control: no-cache
User-Agent: Mozilla/5.0 (X11; Linux x86_64) AppleWebKit/537.36 (KHTML, like Gecko) Chrome/87.0.4280.88 Safari/537.36
Accept: image/avif,image/webp,image/apng,image/*,*/*;q=0.8
Sec-Fetch-Site: same-origin
Sec-Fetch-Mode: no-cors
Sec-Fetch-Dest: image
Referer: http://127.0.0.1:8020/login
Accept-Encoding: gzip, deflate, br
Accept-Language: zh-CN,zh;q=0.9

 -- /media/llaron/7E96ADB696AD6F79/代码/webserver/WebServer/WebServer/HttpData.cpp:278
2021-03-07 17:40:49
Request:  -- /media/llaron/7E96ADB696AD6F79/代码/webserver/WebServer/WebServer/HttpData.cpp:278
2021-03-07 17:40:49
Request:  -- /media/llaron/7E96ADB696AD6F79/代码/webserver/WebServer/WebServer/HttpData.cpp:278
2021-03-07 17:41:51
New connection from 127.0.0.1:39632 -- /media/llaron/7E96ADB696AD6F79/代码/webserver/WebServer/WebServer/Server.cpp:50
2021-03-07 17:41:51
Request: GET /login HTTP/1.1
Host: 127.0.0.1:8020
User-Agent: Mozilla/5.0 (X11; Ubuntu; Linux x86_64; rv:84.0) Gecko/20100101 Firefox/84.0
Accept: text/html,application/xhtml+xml,application/xml;q=0.9,image/webp,*/*;q=0.8
Accept-Language: zh-CN,zh;q=0.8,zh-TW;q=0.7,zh-HK;q=0.5,en-US;q=0.3,en;q=0.2
Accept-Encoding: gzip, deflate
Connection: keep-alive
Upgrade-Insecure-Requests: 1

 -- /media/llaron/7E96ADB696AD6F79/代码/webserver/WebServer/WebServer/HttpData.cpp:278
2021-03-07 17:42:01
Request: GET /login HTTP/1.1
Host: 127.0.0.1:8020
User-Agent: Mozilla/5.0 (X11; Ubuntu; Linux x86_64; rv:84.0) Gecko/20100101 Firefox/84.0
Accept: text/html,application/xhtml+xml,application/xml;q=0.9,image/webp,*/*;q=0.8
Accept-Language: zh-CN,zh;q=0.8,zh-TW;q=0.7,zh-HK;q=0.5,en-US;q=0.3,en;q=0.2
Accept-Encoding: gzip, deflate
Connection: keep-alive
Upgrade-Insecure-Requests: 1
Cache-Control: max-age=0

 -- /media/llaron/7E96ADB696AD6F79/代码/webserver/WebServer/WebServer/HttpData.cpp:278
2021-03-07 17:43:25
New connection from 127.0.0.1:40478 -- /media/llaron/7E96ADB696AD6F79/代码/webserver/WebServer/WebServer/Server.cpp:50
2021-03-07 17:43:25
New connection from 127.0.0.1:40480 -- /media/llaron/7E96ADB696AD6F79/代码/webserver/WebServer/WebServer/Server.cpp:50
2021-03-07 17:43:25
Request: GET / HTTP/1.1
Host: 127.0.0.1:8020
Connection: keep-alive
Pragma: no-cache
Cache-Control: no-cache
Upgrade-Insecure-Requests: 1
User-Agent: Mozilla/5.0 (X11; Linux x86_64) AppleWebKit/537.36 (KHTML, like Gecko) Chrome/87.0.4280.88 Safari/537.36
Accept: text/html,application/xhtml+xml,application/xml;q=0.9,image/avif,image/webp,image/apng,*/*;q=0.8,application/signed-exchange;v=b3;q=0.9
Sec-Fetch-Site: none
Sec-Fetch-Mode: navigate
Sec-Fetch-User: ?1
Sec-Fetch-Dest: document
Accept-Encoding: gzip, deflate, br
Accept-Language: zh-CN,zh;q=0.9

 -- /media/llaron/7E96ADB696AD6F79/代码/webserver/WebServer/WebServer/HttpData.cpp:278
2021-03-07 17:43:29
Request:  -- /media/llaron/7E96ADB696AD6F79/代码/webserver/WebServer/WebServer/HttpData.cpp:278
2021-03-07 17:43:29
Request:  -- /media/llaron/7E96ADB696AD6F79/代码/webserver/WebServer/WebServer/HttpData.cpp:278
2021-03-07 17:43:43
Request: GET / HTTP/1.1
Host: 127.0.0.1:8020
User-Agent: Mozilla/5.0 (X11; Ubuntu; Linux x86_64; rv:84.0) Gecko/20100101 Firefox/84.0
Accept: text/html,application/xhtml+xml,application/xml;q=0.9,image/webp,*/*;q=0.8
Accept-Language: zh-CN,zh;q=0.8,zh-TW;q=0.7,zh-HK;q=0.5,en-US;q=0.3,en;q=0.2
Accept-Encoding: gzip, deflate
Connection: keep-alive
Upgrade-Insecure-Requests: 1

 -- /media/llaron/7E96ADB696AD6F79/代码/webserver/WebServer/WebServer/HttpData.cpp:278
2021-03-07 17:45:27
Request: GET / HTTP/1.1
Host: 127.0.0.1:8020
User-Agent: Mozilla/5.0 (X11; Ubuntu; Linux x86_64; rv:84.0) Gecko/20100101 Firefox/84.0
Accept: text/html,application/xhtml+xml,application/xml;q=0.9,image/webp,*/*;q=0.8
Accept-Language: zh-CN,zh;q=0.8,zh-TW;q=0.7,zh-HK;q=0.5,en-US;q=0.3,en;q=0.2
Accept-Encoding: gzip, deflate
Connection: keep-alive
Upgrade-Insecure-Requests: 1

 -- /media/llaron/7E96ADB696AD6F79/代码/webserver/WebServer/WebServer/HttpData.cpp:278
2021-03-07 17:45:58
New connection from 127.0.0.1:41956 -- /media/llaron/7E96ADB696AD6F79/代码/webserver/WebServer/WebServer/Server.cpp:50
2021-03-07 17:45:58
Request: GET / HTTP/1.1
Host: 127.0.0.1:8020
User-Agent: Mozilla/5.0 (X11; Ubuntu; Linux x86_64; rv:84.0) Gecko/20100101 Firefox/84.0
Accept: text/html,application/xhtml+xml,application/xml;q=0.9,image/webp,*/*;q=0.8
Accept-Language: zh-CN,zh;q=0.8,zh-TW;q=0.7,zh-HK;q=0.5,en-US;q=0.3,en;q=0.2
Accept-Encoding: gzip, deflate
Connection: keep-alive
Upgrade-Insecure-Requests: 1

 -- /media/llaron/7E96ADB696AD6F79/代码/webserver/WebServer/WebServer/HttpData.cpp:278
2021-03-07 17:46:19
Request: POST /login HTTP/1.1
Host: 127.0.0.1:8020
User-Agent: Mozilla/5.0 (X11; Ubuntu; Linux x86_64; rv:84.0) Gecko/20100101 Firefox/84.0
Accept: text/html,application/xhtml+xml,application/xml;q=0.9,image/webp,*/*;q=0.8
Accept-Language: zh-CN,zh;q=0.8,zh-TW;q=0.7,zh-HK;q=0.5,en-US;q=0.3,en;q=0.2
Accept-Encoding: gzip, deflate
Content-Type: text/plain
Content-Length: 24
Origin: http://127.0.0.1:8020
Connection: keep-alive
Referer: http://127.0.0.1:8020/
Upgrade-Insecure-Requests: 1

user=123
password=456
 -- /media/llaron/7E96ADB696AD6F79/代码/webserver/WebServer/WebServer/HttpData.cpp:278
2021-03-07 17:46:19
SELECT user_id FROM user where username='123'and passwd='456' -- /media/llaron/7E96ADB696AD6F79/代码/webserver/WebServer/WebServer/HttpData.cpp:657
2021-03-07 17:47:17
New connection from 127.0.0.1:42774 -- /media/llaron/7E96ADB696AD6F79/代码/webserver/WebServer/WebServer/Server.cpp:50
2021-03-07 17:47:17
Request: GET / HTTP/1.1
Host: 127.0.0.1:8020
User-Agent: Mozilla/5.0 (X11; Ubuntu; Linux x86_64; rv:84.0) Gecko/20100101 Firefox/84.0
Accept: text/html,application/xhtml+xml,application/xml;q=0.9,image/webp,*/*;q=0.8
Accept-Language: zh-CN,zh;q=0.8,zh-TW;q=0.7,zh-HK;q=0.5,en-US;q=0.3,en;q=0.2
Accept-Encoding: gzip, deflate
DNT: 1
Connection: keep-alive
Upgrade-Insecure-Requests: 1
Pragma: no-cache
Cache-Control: no-cache

 -- /media/llaron/7E96ADB696AD6F79/代码/webserver/WebServer/WebServer/HttpData.cpp:278
2021-03-07 17:47:17
Request: GET /favicon.ico HTTP/1.1
Host: 127.0.0.1:8020
User-Agent: Mozilla/5.0 (X11; Ubuntu; Linux x86_64; rv:84.0) Gecko/20100101 Firefox/84.0
Accept: image/webp,*/*
Accept-Language: zh-CN,zh;q=0.8,zh-TW;q=0.7,zh-HK;q=0.5,en-US;q=0.3,en;q=0.2
Accept-Encoding: gzip, deflate
DNT: 1
Connection: keep-alive
Referer: http://127.0.0.1:8020/
Pragma: no-cache
Cache-Control: no-cache

 -- /media/llaron/7E96ADB696AD6F79/代码/webserver/WebServer/WebServer/HttpData.cpp:278
2021-03-07 17:47:55
New connection from 127.0.0.1:43102 -- /media/llaron/7E96ADB696AD6F79/代码/webserver/WebServer/WebServer/Server.cpp:50
2021-03-07 17:47:55
New connection from 127.0.0.1:43104 -- /media/llaron/7E96ADB696AD6F79/代码/webserver/WebServer/WebServer/Server.cpp:50
2021-03-07 17:47:55
Request: GET /login HTTP/1.1
Host: 127.0.0.1:8020
Connection: keep-alive
Upgrade-Insecure-Requests: 1
User-Agent: Mozilla/5.0 (X11; Linux x86_64) AppleWebKit/537.36 (KHTML, like Gecko) Chrome/87.0.4280.88 Safari/537.36
Accept: text/html,application/xhtml+xml,application/xml;q=0.9,image/avif,image/webp,image/apng,*/*;q=0.8,application/signed-exchange;v=b3;q=0.9
Sec-Fetch-Site: none
Sec-Fetch-Mode: navigate
Sec-Fetch-User: ?1
Sec-Fetch-Dest: document
Accept-Encoding: gzip, deflate, br
Accept-Language: zh-CN,zh;q=0.9

 -- /media/llaron/7E96ADB696AD6F79/代码/webserver/WebServer/WebServer/HttpData.cpp:278
2021-03-07 17:47:59
Request:  -- /media/llaron/7E96ADB696AD6F79/代码/webserver/WebServer/WebServer/HttpData.cpp:278
2021-03-07 17:47:59
Request:  -- /media/llaron/7E96ADB696AD6F79/代码/webserver/WebServer/WebServer/HttpData.cpp:278
2021-03-07 17:48:15
Request:  -- /media/llaron/7E96ADB696AD6F79/代码/webserver/WebServer/WebServer/HttpData.cpp:278
2021-03-07 17:48:27
New connection from 127.0.0.1:43144 -- /media/llaron/7E96ADB696AD6F79/代码/webserver/WebServer/WebServer/Server.cpp:50
2021-03-07 17:48:27
Request: GET /login HTTP/1.1
Host: 127.0.0.1:8020
User-Agent: Mozilla/5.0 (X11; Ubuntu; Linux x86_64; rv:84.0) Gecko/20100101 Firefox/84.0
Accept: text/html,application/xhtml+xml,application/xml;q=0.9,image/webp,*/*;q=0.8
Accept-Language: zh-CN,zh;q=0.8,zh-TW;q=0.7,zh-HK;q=0.5,en-US;q=0.3,en;q=0.2
Accept-Encoding: gzip, deflate
Connection: keep-alive
Upgrade-Insecure-Requests: 1

 -- /media/llaron/7E96ADB696AD6F79/代码/webserver/WebServer/WebServer/HttpData.cpp:278
2021-03-07 17:48:58
New connection from 127.0.0.1:43188 -- /media/llaron/7E96ADB696AD6F79/代码/webserver/WebServer/WebServer/Server.cpp:50
2021-03-07 17:48:58
New connection from 127.0.0.1:43190 -- /media/llaron/7E96ADB696AD6F79/代码/webserver/WebServer/WebServer/Server.cpp:50
2021-03-07 17:48:58
Request: GET /login HTTP/1.1
Host: 127.0.0.1:8020
Connection: keep-alive
Upgrade-Insecure-Requests: 1
User-Agent: Mozilla/5.0 (X11; Linux x86_64) AppleWebKit/537.36 (KHTML, like Gecko) Chrome/87.0.4280.88 Safari/537.36
Accept: text/html,application/xhtml+xml,application/xml;q=0.9,image/avif,image/webp,image/apng,*/*;q=0.8,application/signed-exchange;v=b3;q=0.9
Sec-Fetch-Site: none
Sec-Fetch-Mode: navigate
Sec-Fetch-User: ?1
Sec-Fetch-Dest: document
Accept-Encoding: gzip, deflate, br
Accept-Language: zh-CN,zh;q=0.9

 -- /media/llaron/7E96ADB696AD6F79/代码/webserver/WebServer/WebServer/HttpData.cpp:278
2021-03-07 17:48:59
Request:  -- /media/llaron/7E96ADB696AD6F79/代码/webserver/WebServer/WebServer/HttpData.cpp:278
2021-03-07 17:48:59
Request:  -- /media/llaron/7E96ADB696AD6F79/代码/webserver/WebServer/WebServer/HttpData.cpp:278
2021-03-07 17:56:31
New connection from 127.0.0.1:43936 -- /media/llaron/7E96ADB696AD6F79/代码/webserver/WebServer/WebServer/Server.cpp:50
2021-03-07 17:56:31
Request: GET /login HTTP/1.1
Host: 127.0.0.1:8020
User-Agent: Mozilla/5.0 (X11; Ubuntu; Linux x86_64; rv:84.0) Gecko/20100101 Firefox/84.0
Accept: text/html,application/xhtml+xml,application/xml;q=0.9,image/webp,*/*;q=0.8
Accept-Language: zh-CN,zh;q=0.8,zh-TW;q=0.7,zh-HK;q=0.5,en-US;q=0.3,en;q=0.2
Accept-Encoding: gzip, deflate
Connection: keep-alive
Upgrade-Insecure-Requests: 1

 -- /media/llaron/7E96ADB696AD6F79/代码/webserver/WebServer/WebServer/HttpData.cpp:278
2021-03-07 17:56:34
Request: GET /login HTTP/1.1
Host: 127.0.0.1:8020
User-Agent: Mozilla/5.0 (X11; Ubuntu; Linux x86_64; rv:84.0) Gecko/20100101 Firefox/84.0
Accept: text/html,application/xhtml+xml,application/xml;q=0.9,image/webp,*/*;q=0.8
Accept-Language: zh-CN,zh;q=0.8,zh-TW;q=0.7,zh-HK;q=0.5,en-US;q=0.3,en;q=0.2
Accept-Encoding: gzip, deflate
Connection: keep-alive
Upgrade-Insecure-Requests: 1

 -- /media/llaron/7E96ADB696AD6F79/代码/webserver/WebServer/WebServer/HttpData.cpp:278
2021-03-07 17:56:41
Request: POST /login HTTP/1.1
Host: 127.0.0.1:8020
User-Agent: Mozilla/5.0 (X11; Ubuntu; Linux x86_64; rv:84.0) Gecko/20100101 Firefox/84.0
Accept: text/html,application/xhtml+xml,application/xml;q=0.9,image/webp,*/*;q=0.8
Accept-Language: zh-CN,zh;q=0.8,zh-TW;q=0.7,zh-HK;q=0.5,en-US;q=0.3,en;q=0.2
Accept-Encoding: gzip, deflate
Content-Type: text/plain
Content-Length: 24
Origin: http://127.0.0.1:8020
Connection: keep-alive
Referer: http://127.0.0.1:8020/login
Upgrade-Insecure-Requests: 1

user=123
password=456
 -- /media/llaron/7E96ADB696AD6F79/代码/webserver/WebServer/WebServer/HttpData.cpp:278
2021-03-07 17:56:41
SELECT user_id FROM user where username='123'and passwd='456' -- /media/llaron/7E96ADB696AD6F79/代码/webserver/WebServer/WebServer/HttpData.cpp:657
2021-03-07 17:56:50
Request: POST /login HTTP/1.1
Host: 127.0.0.1:8020
User-Agent: Mozilla/5.0 (X11; Ubuntu; Linux x86_64; rv:84.0) Gecko/20100101 Firefox/84.0
Accept: text/html,application/xhtml+xml,application/xml;q=0.9,image/webp,*/*;q=0.8
Accept-Language: zh-CN,zh;q=0.8,zh-TW;q=0.7,zh-HK;q=0.5,en-US;q=0.3,en;q=0.2
Accept-Encoding: gzip, deflate
Content-Type: text/plain
Content-Length: 24
Origin: http://127.0.0.1:8020
Connection: keep-alive
Referer: http://127.0.0.1:8020/login
Upgrade-Insecure-Requests: 1

user=rrr
password=rrr
 -- /media/llaron/7E96ADB696AD6F79/代码/webserver/WebServer/WebServer/HttpData.cpp:278
2021-03-07 17:56:50
SELECT user_id FROM user where username='rrr'and passwd='rrr' -- /media/llaron/7E96ADB696AD6F79/代码/webserver/WebServer/WebServer/HttpData.cpp:657
2021-03-07 17:57:17
New connection from 127.0.0.1:43996 -- /media/llaron/7E96ADB696AD6F79/代码/webserver/WebServer/WebServer/Server.cpp:50
2021-03-07 17:57:17
Request: GET /login HTTP/1.1
Host: 127.0.0.1:8020
User-Agent: Mozilla/5.0 (X11; Ubuntu; Linux x86_64; rv:84.0) Gecko/20100101 Firefox/84.0
Accept: text/html,application/xhtml+xml,application/xml;q=0.9,image/webp,*/*;q=0.8
Accept-Language: zh-CN,zh;q=0.8,zh-TW;q=0.7,zh-HK;q=0.5,en-US;q=0.3,en;q=0.2
Accept-Encoding: gzip, deflate
DNT: 1
Connection: keep-alive
Upgrade-Insecure-Requests: 1
Pragma: no-cache
Cache-Control: no-cache

 -- /media/llaron/7E96ADB696AD6F79/代码/webserver/WebServer/WebServer/HttpData.cpp:278
2021-03-07 17:57:17
Request: GET /favicon.ico HTTP/1.1
Host: 127.0.0.1:8020
User-Agent: Mozilla/5.0 (X11; Ubuntu; Linux x86_64; rv:84.0) Gecko/20100101 Firefox/84.0
Accept: image/webp,*/*
Accept-Language: zh-CN,zh;q=0.8,zh-TW;q=0.7,zh-HK;q=0.5,en-US;q=0.3,en;q=0.2
Accept-Encoding: gzip, deflate
DNT: 1
Connection: keep-alive
Referer: http://127.0.0.1:8020/login
Pragma: no-cache
Cache-Control: no-cache

 -- /media/llaron/7E96ADB696AD6F79/代码/webserver/WebServer/WebServer/HttpData.cpp:278
2021-03-07 17:58:46
Request:  -- /media/llaron/7E96ADB696AD6F79/代码/webserver/WebServer/WebServer/HttpData.cpp:278
2021-03-07 19:06:06
New connection from 127.0.0.1:48236 -- /media/llaron/7E96ADB696AD6F79/代码/webserver/WebServer/WebServer/Server.cpp:50
2021-03-07 19:06:06
Request: POST /UpdateText HTTP/1.1
Host: 127.0.0.1:8020
User-Agent: Mozilla/5.0 (X11; Ubuntu; Linux x86_64; rv:84.0) Gecko/20100101 Firefox/84.0
Accept: text/html,application/xhtml+xml,application/xml;q=0.9,image/webp,*/*;q=0.8
Accept-Language: zh-CN,zh;q=0.8,zh-TW;q=0.7,zh-HK;q=0.5,en-US;q=0.3,en;q=0.2
Accept-Encoding: gzip, deflate
Content-Type: text/plain
Content-Length: 80
Origin: http://127.0.0.1:8020
Connection: keep-alive
Referer: http://127.0.0.1:8020/login
Upgrade-Insecure-Requests: 1

user=123
password=456
web_id=6
网址=1
用户名=2
密码=3421
说明=4
 -- /media/llaron/7E96ADB696AD6F79/代码/webserver/WebServer/WebServer/HttpData.cpp:278
2021-03-07 19:18:57
New connection from 127.0.0.1:49050 -- /media/llaron/7E96ADB696AD6F79/代码/webserver/WebServer/WebServer/Server.cpp:50
2021-03-07 19:18:57
Request: POST /addData HTTP/1.1
Host: 127.0.0.1:8020
User-Agent: Mozilla/5.0 (X11; Ubuntu; Linux x86_64; rv:84.0) Gecko/20100101 Firefox/84.0
Accept: text/html,application/xhtml+xml,application/xml;q=0.9,image/webp,*/*;q=0.8
Accept-Language: zh-CN,zh;q=0.8,zh-TW;q=0.7,zh-HK;q=0.5,en-US;q=0.3,en;q=0.2
Accept-Encoding: gzip, deflate
Content-Type: application/x-www-form-urlencoded
Content-Length: 0
Origin: http://127.0.0.1:8020
Connection: keep-alive
Referer: http://127.0.0.1:8020/login
Upgrade-Insecure-Requests: 1

 -- /media/llaron/7E96ADB696AD6F79/代码/webserver/WebServer/WebServer/HttpData.cpp:278
2021-03-07 19:19:11
New connection from 127.0.0.1:49070 -- /media/llaron/7E96ADB696AD6F79/代码/webserver/WebServer/WebServer/Server.cpp:50
2021-03-07 19:19:11
Request: POST /addDatapage HTTP/1.1
Host: 127.0.0.1:8020
User-Agent: Mozilla/5.0 (X11; Ubuntu; Linux x86_64; rv:84.0) Gecko/20100101 Firefox/84.0
Accept: text/html,application/xhtml+xml,application/xml;q=0.9,image/webp,*/*;q=0.8
Accept-Language: zh-CN,zh;q=0.8,zh-TW;q=0.7,zh-HK;q=0.5,en-US;q=0.3,en;q=0.2
Accept-Encoding: gzip, deflate
Content-Type: text/plain
Content-Length: 75
Origin: http://127.0.0.1:8020
Connection: keep-alive
Referer: http://127.0.0.1:8020/addData
Upgrade-Insecure-Requests: 1

webtext=www
webname=234
webpass=456
webdes=123
user=rrr
password=rrr
 -- /media/llaron/7E96ADB696AD6F79/代码/webserver/WebServer/WebServer/HttpData.cpp:278
2021-03-07 19:19:11
SELECT user_id FROM user where username='rrr' and passwd='rrr' -- /media/llaron/7E96ADB696AD6F79/代码/webserver/WebServer/WebServer/HttpData.cpp:759
2021-03-07 19:19:11
INSERT INTO infos(user_id,web_name,log_name,log_pass,log_des) values('4','www','234','456','123') -- /media/llaron/7E96ADB696AD6F79/代码/webserver/WebServer/WebServer/HttpData.cpp:788
2021-03-07 19:19:59
New connection from 127.0.0.1:49118 -- /media/llaron/7E96ADB696AD6F79/代码/webserver/WebServer/WebServer/Server.cpp:50
2021-03-07 19:19:59
Request: GET / HTTP/1.1
Host: 127.0.0.1:8020
User-Agent: Mozilla/5.0 (X11; Ubuntu; Linux x86_64; rv:84.0) Gecko/20100101 Firefox/84.0
Accept: text/html,application/xhtml+xml,application/xml;q=0.9,image/webp,*/*;q=0.8
Accept-Language: zh-CN,zh;q=0.8,zh-TW;q=0.7,zh-HK;q=0.5,en-US;q=0.3,en;q=0.2
Accept-Encoding: gzip, deflate
Connection: keep-alive
Upgrade-Insecure-Requests: 1

 -- /media/llaron/7E96ADB696AD6F79/代码/webserver/WebServer/WebServer/HttpData.cpp:278
2021-03-07 19:20:10
Request: POST /login HTTP/1.1
Host: 127.0.0.1:8020
User-Agent: Mozilla/5.0 (X11; Ubuntu; Linux x86_64; rv:84.0) Gecko/20100101 Firefox/84.0
Accept: text/html,application/xhtml+xml,application/xml;q=0.9,image/webp,*/*;q=0.8
Accept-Language: zh-CN,zh;q=0.8,zh-TW;q=0.7,zh-HK;q=0.5,en-US;q=0.3,en;q=0.2
Accept-Encoding: gzip, deflate
Content-Type: text/plain
Content-Length: 24
Origin: http://127.0.0.1:8020
Connection: keep-alive
Referer: http://127.0.0.1:8020/
Upgrade-Insecure-Requests: 1

user=123
password=456
 -- /media/llaron/7E96ADB696AD6F79/代码/webserver/WebServer/WebServer/HttpData.cpp:278
2021-03-07 19:20:10
SELECT user_id FROM user where username='123'and passwd='456' -- /media/llaron/7E96ADB696AD6F79/代码/webserver/WebServer/WebServer/HttpData.cpp:657
2021-03-07 19:20:13
Request: POST /addData HTTP/1.1
Host: 127.0.0.1:8020
User-Agent: Mozilla/5.0 (X11; Ubuntu; Linux x86_64; rv:84.0) Gecko/20100101 Firefox/84.0
Accept: text/html,application/xhtml+xml,application/xml;q=0.9,image/webp,*/*;q=0.8
Accept-Language: zh-CN,zh;q=0.8,zh-TW;q=0.7,zh-HK;q=0.5,en-US;q=0.3,en;q=0.2
Accept-Encoding: gzip, deflate
Content-Type: application/x-www-form-urlencoded
Content-Length: 0
Origin: http://127.0.0.1:8020
Connection: keep-alive
Referer: http://127.0.0.1:8020/login
Upgrade-Insecure-Requests: 1

 -- /media/llaron/7E96ADB696AD6F79/代码/webserver/WebServer/WebServer/HttpData.cpp:278
2021-03-07 19:20:21
Request: POST /addDatapage HTTP/1.1
Host: 127.0.0.1:8020
User-Agent: Mozilla/5.0 (X11; Ubuntu; Linux x86_64; rv:84.0) Gecko/20100101 Firefox/84.0
Accept: text/html,application/xhtml+xml,application/xml;q=0.9,image/webp,*/*;q=0.8
Accept-Language: zh-CN,zh;q=0.8,zh-TW;q=0.7,zh-HK;q=0.5,en-US;q=0.3,en;q=0.2
Accept-Encoding: gzip, deflate
Content-Type: text/plain
Content-Length: 75
Origin: http://127.0.0.1:8020
Connection: keep-alive
Referer: http://127.0.0.1:8020/addData
Upgrade-Insecure-Requests: 1

webtext=sda
webname=333
webpass=444
webdes=512
user=123
password=456
 -- /media/llaron/7E96ADB696AD6F79/代码/webserver/WebServer/WebServer/HttpData.cpp:278
2021-03-07 19:20:21
SELECT user_id FROM user where username='123' and passwd='456' -- /media/llaron/7E96ADB696AD6F79/代码/webserver/WebServer/WebServer/HttpData.cpp:759
2021-03-07 19:20:21
INSERT INTO infos(user_id,web_name,log_name,log_pass,log_des) values('2','sda','333','444','512') -- /media/llaron/7E96ADB696AD6F79/代码/webserver/WebServer/WebServer/HttpData.cpp:788
2021-03-07 19:22:17
Request:  -- /media/llaron/7E96ADB696AD6F79/代码/webserver/WebServer/WebServer/HttpData.cpp:278
2021-03-07 19:22:17
New connection from 127.0.0.1:49278 -- /media/llaron/7E96ADB696AD6F79/代码/webserver/WebServer/WebServer/Server.cpp:50
2021-03-07 19:22:17
Request: GET / HTTP/1.1
Host: 127.0.0.1:8020
User-Agent: Mozilla/5.0 (X11; Ubuntu; Linux x86_64; rv:84.0) Gecko/20100101 Firefox/84.0
Accept: text/html,application/xhtml+xml,application/xml;q=0.9,image/webp,*/*;q=0.8
Accept-Language: zh-CN,zh;q=0.8,zh-TW;q=0.7,zh-HK;q=0.5,en-US;q=0.3,en;q=0.2
Accept-Encoding: gzip, deflate
DNT: 1
Connection: keep-alive
Upgrade-Insecure-Requests: 1
Pragma: no-cache
Cache-Control: no-cache

 -- /media/llaron/7E96ADB696AD6F79/代码/webserver/WebServer/WebServer/HttpData.cpp:278
2021-03-07 19:22:17
Request: GET /favicon.ico HTTP/1.1
Host: 127.0.0.1:8020
User-Agent: Mozilla/5.0 (X11; Ubuntu; Linux x86_64; rv:84.0) Gecko/20100101 Firefox/84.0
Accept: image/webp,*/*
Accept-Language: zh-CN,zh;q=0.8,zh-TW;q=0.7,zh-HK;q=0.5,en-US;q=0.3,en;q=0.2
Accept-Encoding: gzip, deflate
DNT: 1
Connection: keep-alive
Referer: http://127.0.0.1:8020/
Pragma: no-cache
Cache-Control: no-cache

 -- /media/llaron/7E96ADB696AD6F79/代码/webserver/WebServer/WebServer/HttpData.cpp:278
2021-03-07 19:22:35
New connection from 127.0.0.1:49298 -- /media/llaron/7E96ADB696AD6F79/代码/webserver/WebServer/WebServer/Server.cpp:50
2021-03-07 19:22:35
Request: GET /login HTTP/1.1
Host: 127.0.0.1:8020
User-Agent: Mozilla/5.0 (X11; Ubuntu; Linux x86_64; rv:84.0) Gecko/20100101 Firefox/84.0
Accept: text/html,application/xhtml+xml,application/xml;q=0.9,image/webp,*/*;q=0.8
Accept-Language: zh-CN,zh;q=0.8,zh-TW;q=0.7,zh-HK;q=0.5,en-US;q=0.3,en;q=0.2
Accept-Encoding: gzip, deflate
Connection: keep-alive
Upgrade-Insecure-Requests: 1

 -- /media/llaron/7E96ADB696AD6F79/代码/webserver/WebServer/WebServer/HttpData.cpp:278
2021-03-07 19:22:44
Request: GET /login HTTP/1.1
Host: 127.0.0.1:8020
User-Agent: Mozilla/5.0 (X11; Ubuntu; Linux x86_64; rv:84.0) Gecko/20100101 Firefox/84.0
Accept: text/html,application/xhtml+xml,application/xml;q=0.9,image/webp,*/*;q=0.8
Accept-Language: zh-CN,zh;q=0.8,zh-TW;q=0.7,zh-HK;q=0.5,en-US;q=0.3,en;q=0.2
Accept-Encoding: gzip, deflate
Connection: keep-alive
Upgrade-Insecure-Requests: 1

 -- /media/llaron/7E96ADB696AD6F79/代码/webserver/WebServer/WebServer/HttpData.cpp:278
2021-03-07 19:25:12
New connection from 127.0.0.1:49518 -- /media/llaron/7E96ADB696AD6F79/代码/webserver/WebServer/WebServer/Server.cpp:50
2021-03-07 19:25:12
New connection from 127.0.0.1:49520 -- /media/llaron/7E96ADB696AD6F79/代码/webserver/WebServer/WebServer/Server.cpp:50
2021-03-07 19:25:12
Request: GET /login HTTP/1.1
Host: 127.0.0.1:8020
Connection: keep-alive
Upgrade-Insecure-Requests: 1
User-Agent: Mozilla/5.0 (X11; Linux x86_64) AppleWebKit/537.36 (KHTML, like Gecko) Chrome/87.0.4280.88 Safari/537.36
Accept: text/html,application/xhtml+xml,application/xml;q=0.9,image/avif,image/webp,image/apng,*/*;q=0.8,application/signed-exchange;v=b3;q=0.9
Sec-Fetch-Site: none
Sec-Fetch-Mode: navigate
Sec-Fetch-Dest: document
Accept-Encoding: gzip, deflate, br
Accept-Language: zh-CN,zh;q=0.9

 -- /media/llaron/7E96ADB696AD6F79/代码/webserver/WebServer/WebServer/HttpData.cpp:278
2021-03-07 19:25:17
Request:  -- /media/llaron/7E96ADB696AD6F79/代码/webserver/WebServer/WebServer/HttpData.cpp:278
2021-03-07 19:25:17
Request:  -- /media/llaron/7E96ADB696AD6F79/代码/webserver/WebServer/WebServer/HttpData.cpp:278
2021-03-07 19:25:21
New connection from 127.0.0.1:49534 -- /media/llaron/7E96ADB696AD6F79/代码/webserver/WebServer/WebServer/Server.cpp:50
2021-03-07 19:25:21
New connection from 127.0.0.1:49536 -- /media/llaron/7E96ADB696AD6F79/代码/webserver/WebServer/WebServer/Server.cpp:50
2021-03-07 19:25:21
Request: POST /login HTTP/1.1
Host: 127.0.0.1:8020
Connection: keep-alive
Content-Length: 24
Cache-Control: max-age=0
Upgrade-Insecure-Requests: 1
Origin: http://127.0.0.1:8020
Content-Type: text/plain
User-Agent: Mozilla/5.0 (X11; Linux x86_64) AppleWebKit/537.36 (KHTML, like Gecko) Chrome/87.0.4280.88 Safari/537.36
Accept: text/html,application/xhtml+xml,application/xml;q=0.9,image/avif,image/webp,image/apng,*/*;q=0.8,application/signed-exchange;v=b3;q=0.9
Sec-Fetch-Site: same-origin
Sec-Fetch-Mode: navigate
Sec-Fetch-User: ?1
Sec-Fetch-Dest: document
Referer: http://127.0.0.1:8020/login
Accept-Encoding: gzip, deflate, br
Accept-Language: zh-CN,zh;q=0.9

user=123
password=456
 -- /media/llaron/7E96ADB696AD6F79/代码/webserver/WebServer/WebServer/HttpData.cpp:278
2021-03-07 19:25:21
SELECT user_id FROM user where username='123'and passwd='456' -- /media/llaron/7E96ADB696AD6F79/代码/webserver/WebServer/WebServer/HttpData.cpp:661
2021-03-07 19:25:27
Request:  -- /media/llaron/7E96ADB696AD6F79/代码/webserver/WebServer/WebServer/HttpData.cpp:278
2021-03-07 19:25:27
Request:  -- /media/llaron/7E96ADB696AD6F79/代码/webserver/WebServer/WebServer/HttpData.cpp:278
2021-03-07 19:37:54
New connection from 127.0.0.1:57070 -- /media/llaron/7E96ADB696AD6F79/代码/webserver/WebServer/WebServer/Server.cpp:50
2021-03-07 19:37:59
Request:  -- /media/llaron/7E96ADB696AD6F79/代码/webserver/WebServer/WebServer/HttpData.cpp:278
2021-03-07 19:41:24
New connection from 127.0.0.1:59246 -- /media/llaron/7E96ADB696AD6F79/代码/webserver/WebServer/WebServer/Server.cpp:50
2021-03-07 19:41:29
Request:  -- /media/llaron/7E96ADB696AD6F79/代码/webserver/WebServer/WebServer/HttpData.cpp:278
2021-03-07 19:43:33
New connection from 127.0.0.1:60428 -- /media/llaron/7E96ADB696AD6F79/代码/webserver/WebServer/WebServer/Server.cpp:50
2021-03-07 19:43:38
Request:  -- /media/llaron/7E96ADB696AD6F79/代码/webserver/WebServer/WebServer/HttpData.cpp:278
